<?xml version="1.0" encoding="UTF-8"?>
<!-- Generated by org.testng.reporters.JUnitReportReporter -->
<testsuite hostname="vidhyusha" failures="0" tests="1" name="regression.ValidateLoginUsingKeywordDriven" time="11.780" errors="0" timestamp="2024-06-01T10:02:27 IST" skipped="0">
  <testcase classname="regression.ValidateLoginUsingKeywordDriven" name="ValidateLoginTest" time="11.780"/>
</testsuite> <!-- regression.ValidateLoginUsingKeywordDriven -->
